SF:/home/fernando/source/repos/PII_Observer_End/src/Library/Temperature.cs
FN:12,System.Decimal Observer.Temperature::get_Degrees()
FNDA:24,System.Decimal Observer.Temperature::get_Degrees()
DA:13,24
FN:13,System.DateTime Observer.Temperature::get_Date()
FNDA:19,System.DateTime Observer.Temperature::get_Date()
DA:14,19
FN:7,System.Void Observer.Temperature::.ctor(System.Decimal,System.DateTime)
FNDA:13,System.Void Observer.Temperature::.ctor(System.Decimal,System.DateTime)
DA:8,13
DA:9,13
DA:10,13
DA:11,13
LF:6
LH:6
BRF:0
BRH:0
FNF:3
FNH:3
end_of_record
SF:/home/fernando/source/repos/PII_Observer_End/src/Library/TemperatureReporter.cs
FN:13,System.Void Observer.TemperatureReporter::StartReporting(Observer.ISubject`1<Observer.Temperature>)
FNDA:1,System.Void Observer.TemperatureReporter::StartReporting(Observer.ISubject`1<Observer.Temperature>)
DA:14,1
DA:15,1
DA:16,1
DA:17,1
DA:18,1
FN:20,System.Void Observer.TemperatureReporter::StopReporting()
FNDA:1,System.Void Observer.TemperatureReporter::StopReporting()
DA:21,1
DA:22,2
DA:23,1
BRDA:22,12,0,1
BRDA:22,12,1,1
FN:25,System.Void Observer.TemperatureReporter::Update(Observer.Temperature)
FNDA:3,System.Void Observer.TemperatureReporter::Update(Observer.Temperature)
DA:26,3
DA:27,3
DA:28,3
DA:29,1
DA:30,1
DA:31,1
DA:32,1
DA:34,2
DA:35,2
DA:36,2
DA:37,2
DA:38,3
BRDA:28,49,0,1
BRDA:28,49,1,2
FN:6,System.Void Observer.TemperatureReporter::.ctor()
FNDA:2,System.Void Observer.TemperatureReporter::.ctor()
DA:7,2
LF:21
LH:21
BRF:4
BRH:4
FNF:4
FNH:4
end_of_record
SF:/home/fernando/source/repos/PII_Observer_End/src/Library/TemperatureSensor.cs
FN:15,Observer.Temperature Observer.TemperatureSensor::get_Current()
FNDA:15,Observer.Temperature Observer.TemperatureSensor::get_Current()
DA:16,15
FN:18,System.Void Observer.TemperatureSensor::Subscribe(Observer.IObserver`1<Observer.Temperature>)
FNDA:1,System.Void Observer.TemperatureSensor::Subscribe(Observer.IObserver`1<Observer.Temperature>)
DA:19,1
DA:20,1
DA:21,1
DA:22,1
DA:23,1
DA:24,1
BRDA:20,18,0,1
BRDA:20,18,1,1
FN:26,System.Void Observer.TemperatureSensor::Unsubscribe(Observer.IObserver`1<Observer.Temperature>)
FNDA:1,System.Void Observer.TemperatureSensor::Unsubscribe(Observer.IObserver`1<Observer.Temperature>)
DA:27,1
DA:28,1
DA:29,1
DA:30,1
DA:31,1
DA:32,1
BRDA:28,15,0,1
BRDA:28,15,1,1
FN:34,System.Void Observer.TemperatureSensor::GetTemperature()
FNDA:2,System.Void Observer.TemperatureSensor::GetTemperature()
DA:35,2
DA:37,2
DA:38,2
DA:40,46
DA:41,20
DA:42,20
DA:43,20
DA:44,20
DA:45,20
DA:46,10
DA:47,10
DA:48,40
DA:49,5
DA:50,5
DA:51,5
DA:52,10
DA:53,10
DA:54,2
DA:55,2
DA:56,2
DA:57,10
DA:58,20
DA:59,20
DA:60,2
BRDA:40,232,1,20
BRDA:43,58,0,20
BRDA:45,65,0,18
BRDA:45,65,1,2
BRDA:45,113,0,10
BRDA:48,188,1,5
BRDA:48,188,0,10
BRDA:53,215,0,2
BRDA:53,215,1,10
BRDA:45,113,1,20
BRDA:43,58,1,20
BRDA:40,232,0,2
FN:9,System.Void Observer.TemperatureSensor::.ctor()
FNDA:1,System.Void Observer.TemperatureSensor::.ctor()
DA:10,1
DA:14,1
LF:39
LH:39
BRF:16
BRH:16
FNF:5
FNH:5
end_of_record